<?xml version="1.0" encoding="UTF-8"?>
<!-- Generated by org.testng.reporters.JUnitXMLReporter -->
<testsuite ignored="0" hostname="LAPTOP-E3JD15VA" failures="0" tests="3" name="Default test" time="4.083" errors="0" timestamp="2020-12-27T00:35:13 IST">
  <testcase classname="MyWork.MyProject.DynamicJson" name="addBook" time="3.555"/>
  <testcase classname="MyWork.MyProject.DynamicJson" name="addBook" time="0.223"/>
  <testcase classname="MyWork.MyProject.DynamicJson" name="addBook" time="0.254"/>
</testsuite> <!-- Default test -->
