<?xml version="1.0" encoding="UTF-8"?>
<testng-results ignored="0" total="1" passed="1" failed="0" skipped="0">
  <reporter-output>
  </reporter-output>
  <suite started-at="2020-12-25T21:26:03 IST" name="Surefire suite" finished-at="2020-12-25T21:26:03 IST" duration-ms="30">
    <groups>
    </groups>
    <test started-at="2020-12-25T21:26:03 IST" name="Surefire test" finished-at="2020-12-25T21:26:03 IST" duration-ms="30">
      <class name="MyWork.MyProject.newClassTest">
        <test-method signature="myFubc()[pri:0, instance:MyWork.MyProject.newClassTest@4c583ecf]" started-at="2020-12-25T21:26:03 IST" name="myFubc" finished-at="2020-12-25T21:26:03 IST" duration-ms="2" status="PASS">
          <reporter-output>
          </reporter-output>
        </test-method> <!-- myFubc -->
      </class> <!-- MyWork.MyProject.newClassTest -->
    </test> <!-- Surefire test -->
  </suite> <!-- Surefire suite -->
</testng-results>
