<?xml version="1.0" encoding="UTF-8"?>
<testng-results ignored="0" total="3" passed="3" failed="0" skipped="0">
  <reporter-output>
  </reporter-output>
  <suite started-at="2020-12-27T00:35:09 IST" name="Default suite" finished-at="2020-12-27T00:35:13 IST" duration-ms="4083">
    <groups>
    </groups>
    <test started-at="2020-12-27T00:35:09 IST" name="Default test" finished-at="2020-12-27T00:35:13 IST" duration-ms="4083">
      <class name="MyWork.MyProject.DynamicJson">
        <test-method signature="addBook(java.lang.String, java.lang.String)[pri:0, instance:MyWork.MyProject.DynamicJson@27ff5d15]" started-at="2020-12-27T00:35:09 IST" name="addBook" finished-at="2020-12-27T00:35:13 IST" duration-ms="3555" status="PASS">
          <params>
            <param index="0">
              <value>
                <![CDATA[respect]]>
              </value>
            </param>
            <param index="1">
              <value>
                <![CDATA[321]]>
              </value>
            </param>
          </params>
          <reporter-output>
          </reporter-output>
        </test-method> <!-- addBook -->
        <test-method signature="addBook(java.lang.String, java.lang.String)[pri:0, instance:MyWork.MyProject.DynamicJson@27ff5d15]" started-at="2020-12-27T00:35:13 IST" name="addBook" finished-at="2020-12-27T00:35:13 IST" duration-ms="223" status="PASS">
          <params>
            <param index="0">
              <value>
                <![CDATA[peace]]>
              </value>
            </param>
            <param index="1">
              <value>
                <![CDATA[731]]>
              </value>
            </param>
          </params>
          <reporter-output>
          </reporter-output>
        </test-method> <!-- addBook -->
        <test-method signature="addBook(java.lang.String, java.lang.String)[pri:0, instance:MyWork.MyProject.DynamicJson@27ff5d15]" started-at="2020-12-27T00:35:13 IST" name="addBook" finished-at="2020-12-27T00:35:13 IST" duration-ms="254" status="PASS">
          <params>
            <param index="0">
              <value>
                <![CDATA[understanding]]>
              </value>
            </param>
            <param index="1">
              <value>
                <![CDATA[432]]>
              </value>
            </param>
          </params>
          <reporter-output>
          </reporter-output>
        </test-method> <!-- addBook -->
      </class> <!-- MyWork.MyProject.DynamicJson -->
    </test> <!-- Default test -->
  </suite> <!-- Default suite -->
</testng-results>
